[2020-03-16 14:54:07] laravel.EMERGENCY: Unable to create configured logger. Using emergency logger. {"exception":"[object] (InvalidArgumentException(code: 0): Log [] is not defined. at C:\\xampp\\htdocs\\uholu\\vendor\\laravel\\framework\\src\\Illuminate\\Log\\LogManager.php:192)
[stacktrace]
#0 C:\\xampp\\htdocs\\uholu\\vendor\\laravel\\framework\\src\\Illuminate\\Log\\LogManager.php(118): Illuminate\\Log\\LogManager->resolve(NULL)
#1 C:\\xampp\\htdocs\\uholu\\vendor\\laravel\\framework\\src\\Illuminate\\Log\\LogManager.php(98): Illuminate\\Log\\LogManager->get(NULL)
#2 C:\\xampp\\htdocs\\uholu\\vendor\\laravel\\framework\\src\\Illuminate\\Log\\LogManager.php(547): Illuminate\\Log\\LogManager->driver()
#3 C:\\xampp\\htdocs\\uholu\\vendor\\laravel\\framework\\src\\Illuminate\\Foundation\\Exceptions\\Handler.php(121): Illuminate\\Log\\LogManager->error('Class 'Symfony\\\\...', Array)
#4 C:\\xampp\\htdocs\\uholu\\app\\Exceptions\\Handler.php(37): Illuminate\\Foundation\\Exceptions\\Handler->report(Object(Symfony\\Component\\Debug\\Exception\\FatalThrowableError))
#5 C:\\xampp\\htdocs\\uholu\\vendor\\laravel\\framework\\src\\Illuminate\\Foundation\\Http\\Kernel.php(408): App\\Exceptions\\Handler->report(Object(Symfony\\Component\\Debug\\Exception\\FatalThrowableError))
#6 C:\\xampp\\htdocs\\uholu\\vendor\\laravel\\framework\\src\\Illuminate\\Foundation\\Http\\Kernel.php(116): Illuminate\\Foundation\\Http\\Kernel->reportException(Object(Symfony\\Component\\Debug\\Exception\\FatalThrowableError))
#7 C:\\xampp\\htdocs\\uholu\\public\\index.php(55): Illuminate\\Foundation\\Http\\Kernel->handle(Object(Illuminate\\Http\\Request))
#8 C:\\xampp\\htdocs\\uholu\\server.php(21): require_once('C:\\\\xampp\\\\htdocs...')
#9 {main}
"} 
[2020-03-16 14:54:07] laravel.ERROR: Class 'Symfony\Component\Finder\Finder' not found {"exception":"[object] (Symfony\\Component\\Debug\\Exception\\FatalThrowableError(code: 0): Class 'Symfony\\Component\\Finder\\Finder' not found at C:\\xampp\\htdocs\\uholu\\vendor\\laravel\\framework\\src\\Illuminate\\Foundation\\Bootstrap\\LoadConfiguration.php:88)
[stacktrace]
#0 C:\\xampp\\htdocs\\uholu\\vendor\\laravel\\framework\\src\\Illuminate\\Foundation\\Bootstrap\\LoadConfiguration.php(65): Illuminate\\Foundation\\Bootstrap\\LoadConfiguration->getConfigurationFiles(Object(Illuminate\\Foundation\\Application))
#1 C:\\xampp\\htdocs\\uholu\\vendor\\laravel\\framework\\src\\Illuminate\\Foundation\\Bootstrap\\LoadConfiguration.php(39): Illuminate\\Foundation\\Bootstrap\\LoadConfiguration->loadConfigurationFiles(Object(Illuminate\\Foundation\\Application), Object(Illuminate\\Config\\Repository))
#2 C:\\xampp\\htdocs\\uholu\\vendor\\laravel\\framework\\src\\Illuminate\\Foundation\\Application.php(219): Illuminate\\Foundation\\Bootstrap\\LoadConfiguration->bootstrap(Object(Illuminate\\Foundation\\Application))
#3 C:\\xampp\\htdocs\\uholu\\vendor\\laravel\\framework\\src\\Illuminate\\Foundation\\Http\\Kernel.php(156): Illuminate\\Foundation\\Application->bootstrapWith(Array)
#4 C:\\xampp\\htdocs\\uholu\\vendor\\laravel\\framework\\src\\Illuminate\\Foundation\\Http\\Kernel.php(140): Illuminate\\Foundation\\Http\\Kernel->bootstrap()
#5 C:\\xampp\\htdocs\\uholu\\vendor\\laravel\\framework\\src\\Illuminate\\Foundation\\Http\\Kernel.php(110): Illuminate\\Foundation\\Http\\Kernel->sendRequestThroughRouter(Object(Illuminate\\Http\\Request))
#6 C:\\xampp\\htdocs\\uholu\\public\\index.php(55): Illuminate\\Foundation\\Http\\Kernel->handle(Object(Illuminate\\Http\\Request))
#7 C:\\xampp\\htdocs\\uholu\\server.php(21): require_once('C:\\\\xampp\\\\htdocs...')
#8 {main}
"} 
